17:34:32 **** Incremental Build of configuration Nios II for project lab71 ****
make all 
Info: Building ../lab71_bsp/
C:/intelFPGA_lite/18.1/nios2eds/bin/gnu/H-x86_64-mingw32/bin/make --no-print-directory -C ../lab71_bsp/
[BSP build complete]
Info: Compiling text_mode_vga.c to obj/default/text_mode_vga.o
nios2-elf-gcc -xc -MP -MMD -c -I../lab71_bsp//HAL/inc -I../lab71_bsp/ -I../lab71_bsp//drivers/inc  -pipe -D__hal__ -DALT_NO_INSTRUCTION_EMULATION -DALT_SINGLE_THREADED    -O0 -g -Wall   -mno-hw-div -mno-hw-mul -mno-hw-mulx -mgpopt=global  -o obj/default/text_mode_vga.o text_mode_vga.c
In file included from text_mode_vga.c:9:0:
../lab71_bsp/system.h:189:41: warning: initialization makes pointer from integer without a cast [-Wint-conversion]
 #define VGA_TEXT_MODE_CONTROLLER_0_BASE 0x8001000
                                         ^
text_mode_vga.h:36:52: note: in expansion of macro 'VGA_TEXT_MODE_CONTROLLER_0_BASE'
 static volatile struct TEXT_VGA_STRUCT* vga_ctrl = VGA_TEXT_MODE_CONTROLLER_0_BASE;
                                                    ^
text_mode_vga.c: In function 'textVGATest':
text_mode_vga.c:57:11: warning: format '%x' expects argument of type 'unsigned int', but argument 3 has type 'alt_u32 {aka long unsigned int}' [-Wformat=]
   printf ("Row: %d, Checksum: %x, Read-back Checksum: %x\n\r", j, checksum[j], readsum[j]);
           ^
text_mode_vga.c:57:11: warning: format '%x' expects argument of type 'unsigned int', but argument 4 has type 'alt_u32 {aka long unsigned int}' [-Wformat=]
text_mode_vga.c:57:11: warning: format '%x' expects argument of type 'unsigned int', but argument 3 has type 'alt_u32 {aka long unsigned int}' [-Wformat=]
text_mode_vga.c:57:11: warning: format '%x' expects argument of type 'unsigned int', but argument 4 has type 'alt_u32 {aka long unsigned int}' [-Wformat=]
text_mode_vga.c:65:2: warning: implicit declaration of function 'usleep' [-Wimplicit-function-declaration]
  usleep (500000);
  ^
Info: Linking lab71.elf
nios2-elf-g++  -T'../lab71_bsp//linker.x' -msys-crt0='../lab71_bsp//obj/HAL/src/crt0.o' -msys-lib=hal_bsp -L../lab71_bsp/   -Wl,-Map=lab71.map   -O0 -g -Wall   -mno-hw-div -mno-hw-mul -mno-hw-mulx -mgpopt=global  -o lab71.elf obj/default/main.o obj/default/text_mode_vga.o -lm -msys-lib=m
nios2-elf-insert lab71.elf --thread_model hal --cpu_name nios2_gen2_0 --qsys true --simulation_enabled false --id 0 --sidp 0x80031d0 --timestamp 1635545610 --stderr_dev jtag_uart_0 --stdin_dev jtag_uart_0 --stdout_dev jtag_uart_0 --sopc_system_name lab71soc --quartus_project_dir "C:/Users/ENIAC/Desktop/ECE385/Lab7_1" --jdi ../..//output_files/lab7.jdi --sopcinfo C:/Users/ENIAC/Desktop/ECE385/Lab7_1/software/lab71_bsp/../../lab71soc.sopcinfo
Info: (lab71.elf) 72 KBytes program size (code + initialized data).
Info:             65456 KBytes free for stack + heap.
Info: Creating lab71.objdump
nios2-elf-objdump --disassemble --syms --all-header --source lab71.elf >lab71.objdump
[lab71 build complete]

17:34:34 Build Finished (took 1s.962ms)

