Flow report for 8bMultiplier
Sun Oct 03 17:44:38 2021
Quartus Prime Version 18.1.0 Build 625 09/12/2018 SJ Lite Edition


---------------------
; Table of Contents ;
---------------------
  1. Legal Notice
  2. Flow Summary
  3. Flow Settings
  4. Flow Non-Default Global Settings
  5. Flow Elapsed Time
  6. Flow OS Summary
  7. Flow Log
  8. Flow Messages
  9. Flow Suppressed Messages



----------------
; Legal Notice ;
----------------
Copyright (C) 2018  Intel Corporation. All rights reserved.
Your use of Intel Corporation's design tools, logic functions 
and other software and tools, and its AMPP partner logic 
functions, and any output files from any of the foregoing 
(including device programming or simulation files), and any 
associated documentation or information are expressly subject 
to the terms and conditions of the Intel Program License 
Subscription Agreement, the Intel Quartus Prime License Agreement,
the Intel FPGA IP License Agreement, or other applicable license
agreement, including, without limitation, that your use is for
the sole purpose of programming logic devices manufactured by
Intel and sold by Intel or its authorized distributors.  Please
refer to the applicable agreement for further details.



+----------------------------------------------------------------------------------+
; Flow Summary                                                                     ;
+------------------------------------+---------------------------------------------+
; Flow Status                        ; Successful - Sun Oct 03 17:44:38 2021       ;
; Quartus Prime Version              ; 18.1.0 Build 625 09/12/2018 SJ Lite Edition ;
; Revision Name                      ; 8bMultiplier                                ;
; Top-level Entity Name              ; Multiplier_8b                               ;
; Family                             ; MAX 10                                      ;
; Device                             ; 10M50DAF484C7G                              ;
; Timing Models                      ; Final                                       ;
; Total logic elements               ; 933 / 49,760 ( 2 % )                        ;
;     Total combinational functions  ; 605 / 49,760 ( 1 % )                        ;
;     Dedicated logic registers      ; 698 / 49,760 ( 1 % )                        ;
; Total registers                    ; 715                                         ;
; Total pins                         ; 56 / 360 ( 16 % )                           ;
; Total virtual pins                 ; 0                                           ;
; Total memory bits                  ; 3,200 / 1,677,312 ( < 1 % )                 ;
; Embedded Multiplier 9-bit elements ; 0 / 288 ( 0 % )                             ;
; Total PLLs                         ; 0 / 4 ( 0 % )                               ;
; UFM blocks                         ; 0 / 1 ( 0 % )                               ;
; ADC blocks                         ; 0 / 2 ( 0 % )                               ;
+------------------------------------+---------------------------------------------+


+-----------------------------------------+
; Flow Settings                           ;
+-------------------+---------------------+
; Option            ; Setting             ;
+-------------------+---------------------+
; Start date & time ; 10/03/2021 17:43:46 ;
; Main task         ; Compilation         ;
; Revision Name     ; 8bMultiplier        ;
+-------------------+---------------------+


+---------------------------------------------------------------------------------------------------------------------------------------------------------------------------------------------------------------+
; Flow Non-Default Global Settings                                                                                                                                                                              ;
+--------------------------------------+---------------------------------------------------------------------------------------------------------------------+---------------+---------------+------------------+
; Assignment Name                      ; Value                                                                                                               ; Default Value ; Entity Name   ; Section Id       ;
+--------------------------------------+---------------------------------------------------------------------------------------------------------------------+---------------+---------------+------------------+
; COMPILER_SIGNATURE_ID                ; 24062491136.163330102609076                                                                                         ; --            ; --            ; --               ;
; EDA_DESIGN_INSTANCE_NAME             ; NA                                                                                                                  ; --            ; --            ; testbench        ;
; EDA_NATIVELINK_SIMULATION_TEST_BENCH ; testbench                                                                                                           ; --            ; --            ; eda_simulation   ;
; EDA_OUTPUT_DATA_FORMAT               ; Systemverilog Hdl                                                                                                   ; --            ; --            ; eda_simulation   ;
; EDA_SIMULATION_TOOL                  ; ModelSim-Altera (SystemVerilog)                                                                                     ; <None>        ; --            ; --               ;
; EDA_TEST_BENCH_ENABLE_STATUS         ; TEST_BENCH_MODE                                                                                                     ; --            ; --            ; eda_simulation   ;
; EDA_TEST_BENCH_FILE                  ; testbench.sv                                                                                                        ; --            ; --            ; testbench        ;
; EDA_TEST_BENCH_MODULE_NAME           ; testbench                                                                                                           ; --            ; --            ; testbench        ;
; EDA_TEST_BENCH_NAME                  ; testbench                                                                                                           ; --            ; --            ; eda_simulation   ;
; EDA_TIME_SCALE                       ; 1 ps                                                                                                                ; --            ; --            ; eda_simulation   ;
; ENABLE_SIGNALTAP                     ; On                                                                                                                  ; --            ; --            ; --               ;
; FLOW_ENABLE_POWER_ANALYZER           ; On                                                                                                                  ; Off           ; --            ; --               ;
; MAX_CORE_JUNCTION_TEMP               ; 85                                                                                                                  ; --            ; --            ; --               ;
; MIN_CORE_JUNCTION_TEMP               ; 0                                                                                                                   ; --            ; --            ; --               ;
; PARTITION_COLOR                      ; -- (Not supported for targeted family)                                                                              ; --            ; Multiplier_8b ; Top              ;
; PARTITION_FITTER_PRESERVATION_LEVEL  ; -- (Not supported for targeted family)                                                                              ; --            ; Multiplier_8b ; Top              ;
; PARTITION_NETLIST_TYPE               ; -- (Not supported for targeted family)                                                                              ; --            ; Multiplier_8b ; Top              ;
; POWER_BOARD_THERMAL_MODEL            ; None (CONSERVATIVE)                                                                                                 ; --            ; --            ; --               ;
; POWER_DEFAULT_INPUT_IO_TOGGLE_RATE   ; 12.5 %                                                                                                              ; 12.5%         ; --            ; --               ;
; POWER_PRESET_COOLING_SOLUTION        ; 23 MM HEAT SINK WITH 200 LFPM AIRFLOW                                                                               ; --            ; --            ; --               ;
; PROJECT_OUTPUT_DIRECTORY             ; output_files                                                                                                        ; --            ; --            ; --               ;
; SLD_FILE                             ; db/stp1_auto_stripped.stp                                                                                           ; --            ; --            ; --               ;
; SLD_NODE_CREATOR_ID                  ; 110                                                                                                                 ; --            ; --            ; auto_signaltap_0 ;
; SLD_NODE_ENTITY_NAME                 ; sld_signaltap                                                                                                       ; --            ; --            ; auto_signaltap_0 ;
; SLD_NODE_PARAMETER_ASSIGNMENT        ; SLD_RAM_BLOCK_TYPE=AUTO                                                                                             ; --            ; --            ; auto_signaltap_0 ;
; SLD_NODE_PARAMETER_ASSIGNMENT        ; SLD_NODE_INFO=805334528                                                                                             ; --            ; --            ; auto_signaltap_0 ;
; SLD_NODE_PARAMETER_ASSIGNMENT        ; SLD_POWER_UP_TRIGGER=0                                                                                              ; --            ; --            ; auto_signaltap_0 ;
; SLD_NODE_PARAMETER_ASSIGNMENT        ; SLD_STORAGE_QUALIFIER_INVERSION_MASK_LENGTH=0                                                                       ; --            ; --            ; auto_signaltap_0 ;
; SLD_NODE_PARAMETER_ASSIGNMENT        ; SLD_SEGMENT_SIZE=128                                                                                                ; --            ; --            ; auto_signaltap_0 ;
; SLD_NODE_PARAMETER_ASSIGNMENT        ; SLD_ATTRIBUTE_MEM_MODE=OFF                                                                                          ; --            ; --            ; auto_signaltap_0 ;
; SLD_NODE_PARAMETER_ASSIGNMENT        ; SLD_STATE_FLOW_USE_GENERATED=0                                                                                      ; --            ; --            ; auto_signaltap_0 ;
; SLD_NODE_PARAMETER_ASSIGNMENT        ; SLD_STATE_BITS=11                                                                                                   ; --            ; --            ; auto_signaltap_0 ;
; SLD_NODE_PARAMETER_ASSIGNMENT        ; SLD_BUFFER_FULL_STOP=1                                                                                              ; --            ; --            ; auto_signaltap_0 ;
; SLD_NODE_PARAMETER_ASSIGNMENT        ; SLD_CURRENT_RESOURCE_WIDTH=1                                                                                        ; --            ; --            ; auto_signaltap_0 ;
; SLD_NODE_PARAMETER_ASSIGNMENT        ; SLD_INCREMENTAL_ROUTING=1                                                                                           ; --            ; --            ; auto_signaltap_0 ;
; SLD_NODE_PARAMETER_ASSIGNMENT        ; SLD_TRIGGER_LEVEL=1                                                                                                 ; --            ; --            ; auto_signaltap_0 ;
; SLD_NODE_PARAMETER_ASSIGNMENT        ; SLD_SAMPLE_DEPTH=128                                                                                                ; --            ; --            ; auto_signaltap_0 ;
; SLD_NODE_PARAMETER_ASSIGNMENT        ; SLD_TRIGGER_IN_ENABLED=0                                                                                            ; --            ; --            ; auto_signaltap_0 ;
; SLD_NODE_PARAMETER_ASSIGNMENT        ; SLD_TRIGGER_PIPELINE=0                                                                                              ; --            ; --            ; auto_signaltap_0 ;
; SLD_NODE_PARAMETER_ASSIGNMENT        ; SLD_RAM_PIPELINE=0                                                                                                  ; --            ; --            ; auto_signaltap_0 ;
; SLD_NODE_PARAMETER_ASSIGNMENT        ; SLD_COUNTER_PIPELINE=0                                                                                              ; --            ; --            ; auto_signaltap_0 ;
; SLD_NODE_PARAMETER_ASSIGNMENT        ; SLD_ADVANCED_TRIGGER_ENTITY=basic,1,                                                                                ; --            ; --            ; auto_signaltap_0 ;
; SLD_NODE_PARAMETER_ASSIGNMENT        ; SLD_TRIGGER_LEVEL_PIPELINE=1                                                                                        ; --            ; --            ; auto_signaltap_0 ;
; SLD_NODE_PARAMETER_ASSIGNMENT        ; SLD_ENABLE_ADVANCED_TRIGGER=0                                                                                       ; --            ; --            ; auto_signaltap_0 ;
; SLD_NODE_PARAMETER_ASSIGNMENT        ; SLD_DATA_BITS=25                                                                                                    ; --            ; --            ; auto_signaltap_0 ;
; SLD_NODE_PARAMETER_ASSIGNMENT        ; SLD_TRIGGER_BITS=25                                                                                                 ; --            ; --            ; auto_signaltap_0 ;
; SLD_NODE_PARAMETER_ASSIGNMENT        ; SLD_STORAGE_QUALIFIER_BITS=25                                                                                       ; --            ; --            ; auto_signaltap_0 ;
; SLD_NODE_PARAMETER_ASSIGNMENT        ; SLD_INVERSION_MASK=000000000000000000000000000000000000000000000000000000000000000000000000000000000000000000000000 ; --            ; --            ; auto_signaltap_0 ;
; SLD_NODE_PARAMETER_ASSIGNMENT        ; SLD_INVERSION_MASK_LENGTH=96                                                                                        ; --            ; --            ; auto_signaltap_0 ;
; TOP_LEVEL_ENTITY                     ; Multiplier_8b                                                                                                       ; 8bMultiplier  ; --            ; --               ;
; USE_SIGNALTAP_FILE                   ; stp1.stp                                                                                                            ; --            ; --            ; --               ;
+--------------------------------------+---------------------------------------------------------------------------------------------------------------------+---------------+---------------+------------------+


+--------------------------------------------------------------------------------------------------------------------------+
; Flow Elapsed Time                                                                                                        ;
+----------------------+--------------+-------------------------+---------------------+------------------------------------+
; Module Name          ; Elapsed Time ; Average Processors Used ; Peak Virtual Memory ; Total CPU Time (on all processors) ;
+----------------------+--------------+-------------------------+---------------------+------------------------------------+
; Analysis & Synthesis ; 00:00:24     ; 1.0                     ; 4841 MB             ; 00:00:38                           ;
; Fitter               ; 00:00:09     ; 1.2                     ; 5774 MB             ; 00:00:14                           ;
; Assembler            ; 00:00:03     ; 1.0                     ; 4683 MB             ; 00:00:03                           ;
; Power Analyzer       ; 00:00:05     ; 1.1                     ; 4893 MB             ; 00:00:06                           ;
; Timing Analyzer      ; 00:00:03     ; 1.3                     ; 4853 MB             ; 00:00:03                           ;
; EDA Netlist Writer   ; 00:00:02     ; 1.0                     ; 4673 MB             ; 00:00:02                           ;
; Total                ; 00:00:46     ; --                      ; --                  ; 00:01:06                           ;
+----------------------+--------------+-------------------------+---------------------+------------------------------------+


+------------------------------------------------------------------------------------+
; Flow OS Summary                                                                    ;
+----------------------+------------------+------------+------------+----------------+
; Module Name          ; Machine Hostname ; OS Name    ; OS Version ; Processor type ;
+----------------------+------------------+------------+------------+----------------+
; Analysis & Synthesis ; ENIAC            ; Windows 10 ; 10.0       ; x86_64         ;
; Fitter               ; ENIAC            ; Windows 10 ; 10.0       ; x86_64         ;
; Assembler            ; ENIAC            ; Windows 10 ; 10.0       ; x86_64         ;
; Power Analyzer       ; ENIAC            ; Windows 10 ; 10.0       ; x86_64         ;
; Timing Analyzer      ; ENIAC            ; Windows 10 ; 10.0       ; x86_64         ;
; EDA Netlist Writer   ; ENIAC            ; Windows 10 ; 10.0       ; x86_64         ;
+----------------------+------------------+------------+------------+----------------+


------------
; Flow Log ;
------------
quartus_map --read_settings_files=on --write_settings_files=off 8bMultiplier -c 8bMultiplier
quartus_fit --read_settings_files=off --write_settings_files=off 8bMultiplier -c 8bMultiplier
quartus_asm --read_settings_files=off --write_settings_files=off 8bMultiplier -c 8bMultiplier
quartus_pow --read_settings_files=off --write_settings_files=off 8bMultiplier -c 8bMultiplier
quartus_sta 8bMultiplier -c 8bMultiplier
quartus_eda --read_settings_files=off --write_settings_files=off 8bMultiplier -c 8bMultiplier



